Thu Mar  4 22:42:02 MSK 2021


=============== CUB3D DESTROYER - DAMAGE REPORT ===============



=====================[DESTROYED STUFF # 1]=====================
./invalid_maps/invalid_RGB_011.cub
R 1080 720
NO ./wolftex/WALL54.xpm
SO ./wolftex/WALL33.xpm
EA ./wolftex/WALL64.xpm
WE ./wolftex/WALL64.xpm
S ./wolftex/HEADH0.xpm
C +255,200,160
F 122,122,122

11111111111111111
10000000000000001
10200000200000201
10000000000000001
10002000200020001
10000000000000001
10202020N02020201
10000000000000001
10002000200200001
10000000000000001
10200000200002001
10000000000000001
11111111111111111

PARSER OUTPUT:
---->SUCCESS<----



=====================[DESTROYED STUFF # 2]=====================
./invalid_maps/invalid_map_area_007.cub
R 1080 720
NO ./wolftex/WALL54.xpm
SO ./wolftex/WALL33.xpm
EA ./wolftex/WALL64.xpm
WE ./wolftex/WALL64.xpm
S ./wolftex/HEADH0.xpm
C 255,200,160
F 122,122,122

        1
11111111N11111111
10000000000000001
10200000200000201
10000000000000001
10002000200020001
10000000000000001
10202020002020201
10000000000000001
10002000200200001
10000000000000001
10200000200002001
10000000000000001
11111111111111111

PARSER OUTPUT:
---->SUCCESS<----



=====================[DESTROYED STUFF # 3]=====================
./invalid_maps/invalid_map_area_025.cub
R 1080 720
NO ./wolftex/WALL54.xpm
SO ./wolftex/WALL33.xpm
EA ./wolftex/WALL64.xpm
WE ./wolftex/WALL64.xpm
S ./wolftex/HEADH0.xpm
C 255,200,160
F 122,122,122

11111111111111111
10000000000000001
10200000200000201
10000000000000001
10002000200020001
10000000000000001   11
10202020002020201   1N1
10000000000000001   111
10002000200200001
10000000000000001
10200000200002001
10000000000000001
11111111111111111

PARSER OUTPUT:
---->SUCCESS<----



=====================[DESTROYED STUFF # 4]=====================
./invalid_maps/invalid_res_014.cub
R 0 0
NO ./wolftex/WALL54.xpm
SO ./wolftex/WALL33.xpm
EA ./wolftex/WALL64.xpm
WE ./wolftex/WALL64.xpm
S ./wolftex/HEADH0.xpm
C 255,200,160
F 122,122,122

11111111111111111
10000000000000001
10200000200000201
10000000000000001
10002000200020001
10000000000000001
10202020N02020201
10000000000000001
10002000200200001
10000000000000001
10200000200002001
10000000000000001
11111111111111111

PARSER OUTPUT:
---->SUCCESS<----



=====================[DESTROYED STUFF # 5]=====================
valid_maps/valid_RGB_005.cub
R 1080 720
NO ./wolftex/WALL54.xpm
SO ./wolftex/WALL33.xpm
EA ./wolftex/WALL64.xpm
WE ./wolftex/WALL64.xpm
S ./wolftex/HEADH0.xpm
C 255                                                       ,200,160
F 122,122,  122

11111111111111111
10000000000000001
10200000200000201
10000000000000001
10002000200020001
10000000000000001
10202020N02020201
10000000000000001
10002000200200001
10000000000000001
10200000200002001
10000000000000001
11111111111111111

PARSER OUTPUT:
Error
Wrong value color modificator


=====================[DESTROYED STUFF # 6]=====================
valid_maps/valid_RGB_010.cub
R 1080 720
NO ./wolftex/WALL54.xpm
SO ./wolftex/WALL33.xpm
EA ./wolftex/WALL64.xpm
WE ./wolftex/WALL64.xpm
S ./wolftex/HEADH0.xpm
C 255,200,                                                      160             
F                                       122         ,           122             ,           122

11111111111111111
10000000000000001
10200000200000201
10000000000000001
10002000200020001
10000000000000001
10202020N02020201
10000000000000001
10002000200200001
10000000000000001
10200000200002001
10000000000000001
11111111111111111

PARSER OUTPUT:
Error
Wrong value color modificator


=====================[DESTROYED STUFF # 7]=====================
valid_maps/valid_RGB_011.cub
                                    C               255             ,               200             ,                           160
R 1080 720
NO ./wolftex/WALL54.xpm
SO ./wolftex/WALL33.xpm
EA ./wolftex/WALL64.xpm
WE ./wolftex/WALL64.xpm
S ./wolftex/HEADH0.xpm
F 122,122,122

11111111111111111
10000000000000001
10200000200000201
10000000000000001
10002000200020001
10000000000000001
10202020N02020201
10000000000000001
10002000200200001
10000000000000001
10200000200002001
10000000000000001
11111111111111111

PARSER OUTPUT:
Error
Wrong value color modificator


=====================[DESTROYED STUFF # 8]=====================
valid_maps/valid_map_area_001.cub
R 1080 720
NO ./wolftex/WALL54.xpm
SO ./wolftex/WALL33.xpm
EA ./wolftex/WALL64.xpm
WE ./wolftex/WALL64.xpm
S ./wolftex/HEADH0.xpm
C 255,200,160
F 122,122,122

11111111111111111
10000000000000001
10200000200000201
10000000000000001
10002000200020001
10000000000000001
10202020N02020201
10000000000000001
10002000200200001
10000000000000001
10200000200002001
10000000000000001
11111111111111111

11111111111111111
10000000000000001
10200000200000201
10000000000000001
10002000200020001
10000000000000001
10202020002020201
10000000000000001
10002000200200001
10000000000000001
10200000200002001
10000000000000001
11111111111111111

PARSER OUTPUT:
Error
Empty line at the map


=====================[DESTROYED STUFF # 9]=====================
valid_maps/valid_map_area_011.cub
R 1080 720
NO ./wolftex/WALL54.xpm
SO ./wolftex/WALL33.xpm
EA ./wolftex/WALL64.xpm
WE ./wolftex/WALL64.xpm
S ./wolftex/HEADH0.xpm
C 255,200,160
F 122,122,122

                                                        111111
                                                        11020111111111
                11111111111111111                       11000000000001
                100000000000000011111111111111111111111111020020020021
                102000002000002000000000000000000000000000000000000001
                100000000000000011111111111111111001111111111111011111
                10002000200020001               1001           101
                10000000000000001               1001           101111111111111111
                10202020N02020201               1001           100000000000000001
                10000000000000001           111110011111       111111111111111101
                10002000200200001           100000000001                      101
                10000000000000001           100000000001                      101
                10200000200002001111111111111000200200011111111111111111111111101
                10000000000000000000000000000000000000000000000000000000000000001
                11111011111111111111111111111000200200011111111111111111111111101
                    101                     100000000001                      101
                11111011111111111           100000000001                      101
                10000000000000001           111110011111                      101
                10200000200000201               1001                          101
                10000000000000001111111111111111100111111111111111111111111111101
                10002000200020000000000000000000000000000000000000000000000000001
                10000000000000001111111111111111111111111111111111111111111111111
                10202020002020201
                10000000000000001                                                                   1111
                10002000200200001                                                                   1001
                10000000000000001                                                                   1111
                10200000200002001111111111111
                10000000000000000000000000001
                11111111111111111111111111101
                                         11011
                                        11000111111111
11111111111111111                       11000000000001
100000000000000011111111111111111111111111020020020021
102000002000002000000000000000000000000000000000000001
100000000000000011111111111111111001111111111111011111
10002000200020001               1001           101
10000000000000001               1001           101111111111111111
10202020002020201               1001           100000000000000001
10000000000000001           111110011111       111111111111111101
10002000200200001           100000000001                      101
10000000000000001           100000000001                      101
10200000200002001111111111111000200200011111111111111111111111101111111111111111111111111111111111111111111111111111111111111111111111111111111111111111111111111111111
10000000000000000000000000000000000000000000000000000000000000000000000000000000000000000000000000000000000000000000000000000000000000000000000000000000000000000000001
11111011111111111111111111111000200200011111111111111111111111101111111111111111111111111111111111111111111111111111111111111111111111111111111111111111111111111111111
    101                     100000000001                      101
11111011111111111           100000000001                      101
10000000000000001           111110011111                      101
10200000200000201               1001                          101
10000000000000001111111111111111100111111111111111111111111111101
10002000200020000000000000000000000000000000000000000000000000001
10000000000000001111111111111111111111111111111111111111111111111
10202020002020201
10000000000000001
10002000200200001
10000000000000001
10200000200002001
10000000000000001
11111111111111111
111111
1111
111
11
1
1
1














11111111111111111111111111111111111111111111

PARSER OUTPUT:
Error
Empty line at the map


=====================[DESTROYED STUFF #10]=====================
valid_maps/valid_tex_011.cub
R 1080 720
SO ./wolftex/WALL33.xpm
EA ./wolftex/WALL64.xpm
	NO ./wolftex/WALL54.xpm
WE ./wolftex/WALL64.xpm
C 255,200,160
F 122,122,122
	S ./wolftex/HEADH0.xpm

11111111111111111
10000000000000001
10200000200000201
10000000000000001
10002000200020001
10000000000000001
10202020N02020201
10000000000000001
10002000200200001
10000000000000001
10200000200002001
10000000000000001
11111111111111111

PARSER OUTPUT:
Error
No modificator type, enter correct data


=====================[DESTROYED STUFF #11]=====================
valid_maps/valid_tex_013.cub
R 1080 720
SO ./wolftex/WALL33.xpm
EA ./wolftex/WALL64.xpm  	
NO ./wolftex/WALL54.xpm
WE ./wolftex/WALL64.xpm		 
S ./wolftex/HEADH0.xpm
C 255,200,160	 	 
F 122,122,122	 
			  
11111111111111111
10000000000000001
10200000200000201
10000000000000001
10002000200020001
10000000000000001
10202020N02020201
10000000000000001
10002000200200001
10000000000000001
10200000200002001
10000000000000001
11111111111111111

PARSER OUTPUT:
Error
Wrong value of textures/sprite


=====================[DESTROYED STUFF #12]=====================
valid_maps/valid_tex_014.cub
R 1080 720 
SO ./wolftex/WALL33.xpm	
EA ./wolftex/WALL64.xpm
NO ./wolftex/WALL54.xpm		 
WE ./wolftex/WALL64.xpm
S ./wolftex/HEADH0.xpm	 	
C 255,200,160	 
F 122,122,122	 

11111111111111111
10000000000000001
10200000200000201
10000000000000001
10002000200020001
10000000000000001
10202020N02020201
10000000000000001
10002000200200001
10000000000000001
10200000200002001
10000000000000001
11111111111111111

PARSER OUTPUT:
Error
Wrong SO fd


=====================[DESTROYED STUFF #13]=====================
valid_maps/valid_tex_015.cub
F 122,122,122
SO 	./wolftex/WALL33.xpm
EA ./wolftex/WALL64.xpm
NO 			./wolftex/WALL54.xpm
WE ./wolftex/WALL64.xpm
R 1080 720
	S ./wolftex/HEADH0.xpm
C 255,200,160

11111111111111111
10000000000000001
10200000200000201
10000000000000001
10002000200020001
10000000000000001
10202020N02020201
10000000000000001
10002000200200001
10000000000000001
10200000200002001
10000000000000001
11111111111111111

PARSER OUTPUT:
Error
Wrong SO fd


=====================[DESTROYED STUFF #14]=====================
valid_maps/valid_tex_017.cub
SO ./wolftex/WALL33.xpm
EA ./wolftex/WALL64.xpm
NO ./wolftex/WALL54.xpm
						WE ./wolftex/WALL64.xpm
S ./wolftex/HEADH0.xpm
C 255,200,160
F 122,122,122
R 1080 720

11111111111111111
10000000000000001
10200000200000201
10000000000000001
10002000200020001
10000000000000001
10202020N02020201
10000000000000001
10002000200200001
10000000000000001
10200000200002001
10000000000000001
11111111111111111

PARSER OUTPUT:
Error
No modificator type, enter correct data


=====================[DESTROYED STUFF #15]=====================
valid_maps/valid_tex_022.cub
F 122,122,122	
SO ./wolftex/WALL33.xpm 
WE  ./wolftex/WALL64.xpm
EA ./wolftex/WALL64.xpm
 NO ./wolftex/WALL54.xpm
R 1080 720
S ./wolftex/HEADH0.xpm
C 255,200,160

11111111111111111
10000000000000001
10200000200000201
10000000000000001
10002000200020001
10000000000000001
10202020N02020201
10000000000000001
10002000200200001
10000000000000001
10200000200002001
10000000000000001
11111111111111111

PARSER OUTPUT:
Error
Enter correct symbols at F


=====================[DESTROYED STUFF #16]=====================
valid_maps/valid_tex_042.cub
                                                                                                                                                                                                                                                                                                                                                                                                                                                                                                                                                                                                                                                                                                                                                                                                                                                            WE                                                                                                                   ./wolftex/WALL64.xpm
                                                                                                                                                                                                                                                                                                                                                                                                                                                                                                                                                                                                                                                                                                                                                                                                                                                        
                                                                                                                                                                                                                                                                                                                                                                                                                                                                                                                                                                                                                                                                                                                                                                                                                                                                    SO                                                                         ./wolftex/WALL33.xpm
                                                                                                                                                                                                                                                                                                                                                                                                                                                                                                                                                                                                                                                                                                                                                                                                                                                                             F                                  122                    ,                       122,                    122
                                                                                                                                                                                                                                                                                                                                                                                                                                                                                                                                                                                                                                                                                                                                                                                                                                                                                        NO                                                                             ./wolftex/WALL54.xpm
                                                                                                                                                                                                                                                                                                                                                                                                                                                                                                                                                                                                                                                                                                                                                                                                                                                            S                                                           ./wolftex/HEADH0.xpm
                                                                                                                                                                                                                                                                                                                                                                                                                                                                                                                                                                                                                                                                                                                                                                                                                                                                                                                           R                                                     1080                  720
                                                                                                                                                                                                                                                                                                                                                                                                                                                                                                                                                                                                                                                                                                                                                                                                                                                                                                                                     EA                                                                                           ./wolftex/WALL64.xpm
                                                                                                                                                                                                                                                                                                                                                                                                                                                                                                                                                                                                                                                                                                                                                                                                                                                        
                                                                                                                                                                                                                                                                                                                                                                                                                                                                                                                                                                                                                                                                                                                                                                                                                                                                                 C                                           255                                                                                            ,200,160
11111111111111111
10000000000000001
10200000200000201
10000000000000001
10002000200020001
10000000000000001
10202020N02020201
10000000000000001
10002000200200001
10000000000000001
10200000200002001
10000000000000001
11111111111111111

PARSER OUTPUT:
Error
modificator wrong or spaces begining line


=====================[DESTROYED STUFF #17]=====================
valid_maps/valid_tex_047.cub
                WE                                                                                                 ./wolftex/WALL64.xpm

             SO                                                  ./wolftex/WALL33.xpm
                      F                 122,122,122
                                 NO                                                                             ./wolftex/WALL54.xpm
                                         S          ./wolftex/HEADH0.xpm
                                                                    R                                         1080                  720
                                                      EA                                                                                           ./wolftex/WALL64.xpm

                          C                      255                                                                                            ,200,160
11111111111111111
10000000000000001
10200000200000201
10000000000000001
10002000200020001
10000000000000001
10202020N02020201
10000000000000001
10002000200200001
10000000000000001
10200000200002001
10000000000000001
11111111111111111

PARSER OUTPUT:
Error
Wrong value color modificator


=====================[DESTROYED STUFF #18]=====================
valid_maps/valid_tex_048.cub
     WE                                                                                                                   ./wolftex/WALL64.xpm

             SO                                                                         ./wolftex/WALL33.xpm
                      F                                  122                    ,                       122,                    122
                                 NO                                                                             ./wolftex/WALL54.xpm
     S                                                           ./wolftex/HEADH0.xpm
                                                                    R                                                     1080                  720
                                                                              EA                                                                                           ./wolftex/WALL64.xpm

                          C                                           255                                                                                            ,200,160
11111111111111111
10000000000000001
10200000200000201
10000000000000001
10002000200020001
10000000000000001
10202020N02020201
10000000000000001
10002000200200001
10000000000000001
10200000200002001
10000000000000001
11111111111111111

PARSER OUTPUT:
Error
Wrong value color modificator


=====================[DESTROYED STUFF #19]=====================
valid_maps/valid_tex_050.cub


SO ./wolftex/WALL33.xpm
                                                                NO ./wolftex/WALL54.xpm
                                    
                                    



                                    R 1080 720







                                                                    F 122,122,122
EA ./wolftex/WALL64.xpm
            WE ./wolftex/WALL64.xpm
                                                S ./wolftex/HEADH0.xpm
                                C 255,200,160

11111111111111111
10000000000000001
10200000200000201
10000000000000001
10002000200020001
10000000000000001
10202020N02020201
10000000000000001
10002000200200001
10000000000000001
10200000200002001
10000000000000001
11111111111111111

PARSER OUTPUT:
Error
modificator wrong or spaces begining line
